[    0.000000] Initializing cgroup subsys cpuset
[    0.000000] Initializing cgroup subsys cpu
[    0.000000] Initializing cgroup subsys cpuacct
[    0.000000] Linux version 4.4.0-210-generic (buildd@lgw01-amd64-009) (gcc version 5.4.0 20160609 (Ubuntu 5.4.0-6ubuntu1~16.04.12) ) #242-Ubuntu SMP Fri Apr 16 09:57:56 UTC 2021 (Ubuntu 4.4.0-210.242-generic 4.4.262)
[    0.000000] Command line: BOOT_IMAGE=/boot/vmlinuz-4.4.0-210-generic root=LABEL=cloudimg-rootfs ro console=tty1 console=ttyS0
[    0.000000] KERNEL supported cpus:
[    0.000000]   Intel GenuineIntel
[    0.000000]   AMD AuthenticAMD
[    0.000000]   Centaur CentaurHauls
[    0.000000] x86/fpu: xstate_offset[2]:  576, xstate_sizes[2]:  256
[    0.000000] x86/fpu: Supporting XSAVE feature 0x01: 'x87 floating point registers'
[    0.000000] x86/fpu: Supporting XSAVE feature 0x02: 'SSE registers'
[    0.000000] x86/fpu: Supporting XSAVE feature 0x04: 'AVX registers'
[    0.000000] x86/fpu: Enabled xstate features 0x7, context size is 832 bytes, using 'standard' format.
[    0.000000] e820: BIOS-provided physical RAM map:
[    0.000000] BIOS-e820: [mem 0x0000000000000000-0x000000000009fbff] usable
[    0.000000] BIOS-e820: [mem 0x000000000009fc00-0x000000000009ffff] reserved
[    0.000000] BIOS-e820: [mem 0x00000000000f0000-0x00000000000fffff] reserved
[    0.000000] BIOS-e820: [mem 0x0000000000100000-0x000000003ffeffff] usable
[    0.000000] BIOS-e820: [mem 0x000000003fff0000-0x000000003fffffff] ACPI data
[    0.000000] BIOS-e820: [mem 0x00000000fec00000-0x00000000fec00fff] reserved
[    0.000000] BIOS-e820: [mem 0x00000000fee00000-0x00000000fee00fff] reserved
[    0.000000] BIOS-e820: [mem 0x00000000fffc0000-0x00000000ffffffff] reserved
[    0.000000] NX (Execute Disable) protection: active
[    0.000000] SMBIOS 2.5 present.
[    0.000000] Hypervisor detected: KVM
[    0.000000] e820: last_pfn = 0x3fff0 max_arch_pfn = 0x400000000
[    0.000000] MTRR: Disabled
[    0.000000] x86/PAT: MTRRs disabled, skipping PAT initialization too.
[    0.000000] CPU MTRRs all blank - virtualized system.
[    0.000000] x86/PAT: Configuration [0-7]: WB  WT  UC- UC  WB  WT  UC- UC  
[    0.000000] found SMP MP-table at [mem 0x0009fff0-0x0009ffff] mapped at [ffff88000009fff0]
[    0.000000] Scanning 1 areas for low memory corruption
[    0.000000] RAMDISK: [mem 0x362dc000-0x37165fff]
[    0.000000] ACPI: Early table checksum verification disabled
[    0.000000] ACPI: RSDP 0x00000000000E0000 000024 (v02 VBOX  )
[    0.000000] ACPI: XSDT 0x000000003FFF0030 00003C (v01 VBOX   VBOXXSDT 00000001 ASL  00000061)
[    0.000000] ACPI: FACP 0x000000003FFF00F0 0000F4 (v04 VBOX   VBOXFACP 00000001 ASL  00000061)
[    0.000000] ACPI: DSDT 0x000000003FFF0610 002353 (v02 VBOX   VBOXBIOS 00000002 INTL 20100528)
[    0.000000] ACPI: FACS 0x000000003FFF0200 000040
[    0.000000] ACPI: FACS 0x000000003FFF0200 000040
[    0.000000] ACPI: APIC 0x000000003FFF0240 00005C (v02 VBOX   VBOXAPIC 00000001 ASL  00000061)
[    0.000000] ACPI: SSDT 0x000000003FFF02A0 00036C (v01 VBOX   VBOXCPUT 00000002 INTL 20100528)
[    0.000000] No NUMA configuration found
[    0.000000] Faking a node at [mem 0x0000000000000000-0x000000003ffeffff]
[    0.000000] NODE_DATA(0) allocated [mem 0x3ffeb000-0x3ffeffff]
[    0.000000] kvm-clock: Using msrs 4b564d01 and 4b564d00
[    0.000000] kvm-clock: cpu 0, msr 0:3ffe3001, primary cpu clock
[    0.000000] kvm-clock: using sched offset of 3265820991 cycles
[    0.000000] clocksource: kvm-clock: mask: 0xffffffffffffffff max_cycles: 0x1cd42e4dffb, max_idle_ns: 881590591483 ns
[    0.000000] Zone ranges:
[    0.000000]   DMA      [mem 0x0000000000001000-0x0000000000ffffff]
[    0.000000]   DMA32    [mem 0x0000000001000000-0x000000003ffeffff]
[    0.000000]   Normal   empty
[    0.000000]   Device   empty
[    0.000000] Movable zone start for each node
[    0.000000] Early memory node ranges
[    0.000000]   node   0: [mem 0x0000000000001000-0x000000000009efff]
[    0.000000]   node   0: [mem 0x0000000000100000-0x000000003ffeffff]
[    0.000000] Initmem setup node 0 [mem 0x0000000000001000-0x000000003ffeffff]
[    0.000000] ACPI: PM-Timer IO Port: 0x4008
[    0.000000] IOAPIC[0]: apic_id 2, version 32, address 0xfec00000, GSI 0-23
[    0.000000] ACPI: INT_SRC_OVR (bus 0 bus_irq 0 global_irq 2 dfl dfl)
[    0.000000] ACPI: INT_SRC_OVR (bus 0 bus_irq 9 global_irq 9 low level)
[    0.000000] Using ACPI (MADT) for SMP configuration information
[    0.000000] smpboot: Allowing 2 CPUs, 0 hotplug CPUs
[    0.000000] PM: Registered nosave memory: [mem 0x00000000-0x00000fff]
[    0.000000] PM: Registered nosave memory: [mem 0x0009f000-0x0009ffff]
[    0.000000] PM: Registered nosave memory: [mem 0x000a0000-0x000effff]
[    0.000000] PM: Registered nosave memory: [mem 0x000f0000-0x000fffff]
[    0.000000] e820: [mem 0x40000000-0xfebfffff] available for PCI devices
[    0.000000] Booting paravirtualized kernel on KVM
[    0.000000] clocksource: refined-jiffies: mask: 0xffffffff max_cycles: 0xffffffff, max_idle_ns: 7645519600211568 ns
[    0.000000] setup_percpu: NR_CPUS:512 nr_cpumask_bits:512 nr_cpu_ids:2 nr_node_ids:1
[    0.000000] PERCPU: Embedded 33 pages/cpu @ffff88003fc00000 s95192 r8192 d31784 u1048576
[    0.000000] Built 1 zonelists in Node order, mobility grouping on.  Total pages: 257912
[    0.000000] Policy zone: DMA32
[    0.000000] Kernel command line: BOOT_IMAGE=/boot/vmlinuz-4.4.0-210-generic root=LABEL=cloudimg-rootfs ro console=tty1 console=ttyS0
[    0.000000] PID hash table entries: 4096 (order: 3, 32768 bytes)
[    0.000000] Memory: 997792K/1048120K available (8644K kernel code, 1332K rwdata, 4044K rodata, 1492K init, 1164K bss, 50328K reserved, 0K cma-reserved)
[    0.000000] SLUB: HWalign=64, Order=0-3, MinObjects=0, CPUs=2, Nodes=1
[    0.000000] Kernel/User page tables isolation: enabled
[    0.000000] Hierarchical RCU implementation.
[    0.000000] 	Build-time adjustment of leaf fanout to 64.
[    0.000000] 	RCU restricting CPUs from NR_CPUS=512 to nr_cpu_ids=2.
[    0.000000] RCU: Adjusting geometry for rcu_fanout_leaf=64, nr_cpu_ids=2
[    0.000000] NR_IRQS:33024 nr_irqs:440 16
[    0.000000] Console: colour VGA+ 80x25
[    0.000000] console [tty1] enabled
[    0.000000] console [ttyS0] enabled
[    0.000000] tsc: Detected 2808.002 MHz processor
[    0.199295] Calibrating delay loop (skipped) preset value.. 5616.00 BogoMIPS (lpj=11232008)
[    0.201710] pid_max: default: 32768 minimum: 301
[    0.203051] ACPI: Core revision 20150930
[    0.206327] ACPI: 2 ACPI AML tables successfully acquired and loaded
[    0.208222] Security Framework initialized
[    0.209467] Yama: becoming mindful.
[    0.210511] AppArmor: AppArmor initialized
[    0.211661] Dentry cache hash table entries: 131072 (order: 8, 1048576 bytes)
[    0.216325] Inode-cache hash table entries: 65536 (order: 7, 524288 bytes)
[    0.218265] Mount-cache hash table entries: 2048 (order: 2, 16384 bytes)
[    0.219946] Mountpoint-cache hash table entries: 2048 (order: 2, 16384 bytes)
[    0.221842] Initializing cgroup subsys io
[    0.223028] Initializing cgroup subsys memory
[    0.224231] Initializing cgroup subsys devices
[    0.225460] Initializing cgroup subsys freezer
[    0.226686] Initializing cgroup subsys net_cls
[    0.227962] Initializing cgroup subsys perf_event
[    0.229197] Initializing cgroup subsys net_prio
[    0.230456] Initializing cgroup subsys hugetlb
[    0.231683] Initializing cgroup subsys pids
[    0.245586] mce: CPU supports 0 MCE banks
[    0.246771] Last level iTLB entries: 4KB 64, 2MB 8, 4MB 8
[    0.248190] Last level dTLB entries: 4KB 64, 2MB 0, 4MB 0, 1GB 4
[    0.249745] Spectre V1 : Mitigation: usercopy/swapgs barriers and __user pointer sanitization
[    0.252054] Spectre V2 : Mitigation: Full generic retpoline
[    0.253491] Spectre V2 : Spectre v2 / SpectreRSB mitigation: Filling RSB on context switch
[    0.255771] Speculative Store Bypass: Vulnerable
[    0.256968] SRBDS: Unknown: Dependent on hypervisor status
[    0.258693] MDS: Mitigation: Clear CPU buffers
[    0.262738] Freeing SMP alternatives memory: 36K
[    0.270055] ftrace: allocating 32380 entries in 127 pages
[    0.340861] smpboot: APIC(0) Converting physical 0 to logical package 0
[    0.342738] smpboot: Max logical packages: 1
[    0.344230] x2apic enabled
[    0.345305] Switched APIC routing to physical x2apic.
[    0.348096] ..TIMER: vector=0x30 apic1=0 pin1=2 apic2=-1 pin2=-1
[    0.457656] smpboot: CPU0: Intel(R) Core(TM) i7-7700HQ CPU @ 2.80GHz (family: 0x6, model: 0x9e, stepping: 0x9)
[    0.460612] Performance Events: unsupported p6 CPU model 158 no PMU driver, software events only.
[    0.473641] KVM setup paravirtual spinlock
[    0.475566] x86: Booting SMP configuration:
[    0.476847] .... node  #0, CPUs:      #1
[    0.478116] kvm-clock: cpu 1, msr 0:3ffe3041, secondary cpu clock
[    0.491673] mce: CPU supports 0 MCE banks
[    0.494412] x86: Booted up 1 node, 2 CPUs
[    0.495869] smpboot: Total of 2 processors activated (11232.00 BogoMIPS)
[    0.498013] devtmpfs: initialized
[    0.500784] evm: security.selinux
[    0.501839] evm: security.SMACK64
[    0.502782] evm: security.SMACK64EXEC
[    0.503892] evm: security.SMACK64TRANSMUTE
[    0.505124] evm: security.SMACK64MMAP
[    0.506203] evm: security.ima
[    0.507123] evm: security.capability
[    0.508353] clocksource: jiffies: mask: 0xffffffff max_cycles: 0xffffffff, max_idle_ns: 7645041785100000 ns
[    0.511495] futex hash table entries: 512 (order: 3, 32768 bytes)
[    0.513600] pinctrl core: initialized pinctrl subsystem
[    0.515363] RTC time:  4:24:45, date: 08/02/23
[    0.516940] NET: Registered protocol family 16
[    0.530801] cpuidle: using governor ladder
[    0.543218] cpuidle: using governor menu
[    0.544908] PCCT header not found.
[    0.546116] ACPI: bus type PCI registered
[    0.547321] acpiphp: ACPI Hot Plug PCI Controller Driver version: 0.5
[    0.549102] PCI: Using configuration type 1 for base access
[    0.564228] ACPI: Added _OSI(Module Device)
[    0.565467] ACPI: Added _OSI(Processor Device)
[    0.566774] ACPI: Added _OSI(3.0 _SCP Extensions)
[    0.568018] ACPI: Added _OSI(Processor Aggregator Device)
[    0.570157] ACPI: Executed 1 blocks of module-level executable AML code
[    0.574669] ACPI: Interpreter enabled
[    0.575871] ACPI: (supports S0 S5)
[    0.576877] ACPI: Using IOAPIC for interrupt routing
[    0.578485] PCI: Using host bridge windows from ACPI; if necessary, use "pci=nocrs" and report a bug
[    0.585285] ACPI: PCI Root Bridge [PCI0] (domain 0000 [bus 00-ff])
[    0.587312] acpi PNP0A03:00: _OSC: OS supports [ASPM ClockPM Segments MSI]
[    0.589350] acpi PNP0A03:00: _OSC: not requesting OS control; OS requires [ExtendedConfig ASPM ClockPM MSI]
[    0.592029] acpi PNP0A03:00: fail to add MMCONFIG information, can't access extended PCI configuration space under this bridge.
[    0.595323] PCI host bridge to bus 0000:00
[    0.596492] pci_bus 0000:00: root bus resource [io  0x0000-0x0cf7 window]
[    0.598255] pci_bus 0000:00: root bus resource [io  0x0d00-0xffff window]
[    0.599978] pci_bus 0000:00: root bus resource [mem 0x000a0000-0x000bffff window]
[    0.602085] pci_bus 0000:00: root bus resource [mem 0x40000000-0xfdffffff window]
[    0.604490] pci_bus 0000:00: root bus resource [bus 00-ff]
[    0.608129] pci 0000:00:01.1: legacy IDE quirk: reg 0x10: [io  0x01f0-0x01f7]
[    0.610170] pci 0000:00:01.1: legacy IDE quirk: reg 0x14: [io  0x03f6]
[    0.611844] pci 0000:00:01.1: legacy IDE quirk: reg 0x18: [io  0x0170-0x0177]
[    0.625703] pci 0000:00:01.1: legacy IDE quirk: reg 0x1c: [io  0x0376]
[    0.642152] pci 0000:00:07.0: quirk: [io  0x4000-0x403f] claimed by PIIX4 ACPI
[    0.644235] pci 0000:00:07.0: quirk: [io  0x4100-0x410f] claimed by PIIX4 SMB
[    0.654963] ACPI: PCI Interrupt Link [LNKA] (IRQs 5 9 10 *11)
[    0.657213] ACPI: PCI Interrupt Link [LNKB] (IRQs 5 9 *10 11)
[    0.659409] ACPI: PCI Interrupt Link [LNKC] (IRQs 5 *9 10 11)
[    0.661425] ACPI: PCI Interrupt Link [LNKD] (IRQs 5 9 10 *11)
[    0.663506] ACPI: Enabled 2 GPEs in block 00 to 07
[    0.665251] vgaarb: setting as boot device: PCI:0000:00:02.0
[    0.666631] vgaarb: device added: PCI:0000:00:02.0,decodes=io+mem,owns=io+mem,locks=none
[    0.669001] vgaarb: loaded
[    0.670133] vgaarb: bridge control possible 0000:00:02.0
[    0.671787] SCSI subsystem initialized
[    0.673201] ACPI: bus type USB registered
[    0.674423] usbcore: registered new interface driver usbfs
[    0.676241] usbcore: registered new interface driver hub
[    0.677649] usbcore: registered new device driver usb
[    0.682041] PCI: Using ACPI for IRQ routing
[    0.683772] NetLabel: Initializing
[    0.684773] NetLabel:  domain hash size = 128
[    0.686071] NetLabel:  protocols = UNLABELED CIPSOv4
[    0.687558] NetLabel:  unlabeled traffic allowed by default
[    0.689229] amd_nb: Cannot enumerate AMD northbridges
[    0.690653] clocksource: Switched to clocksource kvm-clock
[    0.702680] AppArmor: AppArmor Filesystem Enabled
[    0.704275] pnp: PnP ACPI init
[    0.705957] pnp: PnP ACPI: found 3 devices
[    0.717328] clocksource: acpi_pm: mask: 0xffffff max_cycles: 0xffffff, max_idle_ns: 2085701024 ns
[    0.719889] NET: Registered protocol family 2
[    0.721177] TCP established hash table entries: 8192 (order: 4, 65536 bytes)
[    0.723014] TCP bind hash table entries: 8192 (order: 5, 131072 bytes)
[    0.724800] TCP: Hash tables configured (established 8192 bind 8192)
[    0.726413] UDP hash table entries: 512 (order: 2, 16384 bytes)
[    0.728000] UDP-Lite hash table entries: 512 (order: 2, 16384 bytes)
[    0.729664] NET: Registered protocol family 1
[    0.730844] pci 0000:00:00.0: Limiting direct PCI/PCI transfers
[    0.732302] pci 0000:00:01.0: Activating ISA DMA hang workarounds
[    0.734111] Unpacking initramfs...
[    0.974654] Freeing initrd memory: 14888K
[    0.975951] clocksource: tsc: mask: 0xffffffffffffffff max_cycles: 0x2879c7f065b, max_idle_ns: 440795303690 ns
[    0.978577] platform rtc_cmos: registered platform RTC device (no PNP device found)
[    0.980842] Scanning for low memory corruption every 60 seconds
[    0.983106] audit: initializing netlink subsys (disabled)
[    0.984533] audit: type=2000 audit(1690950290.595:1): initialized
[    0.986364] Initialise system trusted keyring
[    0.987796] HugeTLB registered 2 MB page size, pre-allocated 0 pages
[    0.990645] zbud: loaded
[    0.991959] VFS: Disk quotas dquot_6.6.0
[    0.993258] VFS: Dquot-cache hash table entries: 512 (order 0, 4096 bytes)
[    0.995401] squashfs: version 4.0 (2009/01/31) Phillip Lougher
[    0.997363] fuse init (API version 7.23)
[    0.998635] Key type big_key registered
[    0.999871] Allocating IMA MOK and blacklist keyrings.
[    1.003665] Key type asymmetric registered
[    1.004666] Asymmetric key parser 'x509' registered
[    1.005872] Block layer SCSI generic (bsg) driver version 0.4 loaded (major 249)
[    1.007713] io scheduler noop registered
[    1.008737] io scheduler deadline registered (default)
[    1.009902] io scheduler cfq registered
[    1.010968] pci_hotplug: PCI Hot Plug PCI Core version: 0.5
[    1.012131] pciehp: PCI Express Hot Plug Controller Driver version: 0.4
[    1.013725] ACPI: AC Adapter [AC] (on-line)
[    1.014815] input: Power Button as /devices/LNXSYSTM:00/LNXPWRBN:00/input/input0
[    1.016711] ACPI: Power Button [PWRF]
[    1.017642] input: Sleep Button as /devices/LNXSYSTM:00/LNXSLPBN:00/input/input1
[    1.019649] ACPI: Sleep Button [SLPF]
[    1.020961] GHES: HEST is not enabled!
[    1.021706] ACPI: Battery Slot [BAT0] (battery present)
[    1.023766] Serial: 8250/16550 driver, 32 ports, IRQ sharing enabled
[    1.046137] 00:02: ttyS0 at I/O 0x3f8 (irq = 4, base_baud = 115200) is a 16550A
[    1.052304] Linux agpgart interface v0.103
[    1.054962] loop: module loaded
[    1.056249] scsi host0: ata_piix
[    1.057287] scsi host1: ata_piix
[    1.058277] ata1: PATA max UDMA/33 cmd 0x1f0 ctl 0x3f6 bmdma 0xd000 irq 14
[    1.059874] ata2: PATA max UDMA/33 cmd 0x170 ctl 0x376 bmdma 0xd008 irq 15
[    1.061441] libphy: Fixed MDIO Bus: probed
[    1.062472] tun: Universal TUN/TAP device driver, 1.6
[    1.063743] tun: (C) 1999-2004 Max Krasnyansky <maxk@qualcomm.com>
[    1.065149] PPP generic driver version 2.4.2
[    1.066319] ehci_hcd: USB 2.0 'Enhanced' Host Controller (EHCI) Driver
[    1.067829] ehci-pci: EHCI PCI platform driver
[    1.068947] ehci-platform: EHCI generic platform driver
[    1.070250] ohci_hcd: USB 1.1 'Open' Host Controller (OHCI) Driver
[    1.071635] ohci-pci: OHCI PCI platform driver
[    1.072712] ohci-platform: OHCI generic platform driver
[    1.073920] uhci_hcd: USB Universal Host Controller Interface driver
[    1.075396] i8042: PNP: PS/2 Controller [PNP0303:PS2K,PNP0f03:PS2M] at 0x60,0x64 irq 1,12
[    1.077783] serio: i8042 KBD port at 0x60,0x64 irq 1
[    1.078987] serio: i8042 AUX port at 0x60,0x64 irq 12
[    1.080290] mousedev: PS/2 mouse device common for all mice
[    1.081759] input: AT Translated Set 2 keyboard as /devices/platform/i8042/serio0/input/input2
[    1.084399] rtc_cmos rtc_cmos: rtc core: registered rtc_cmos as rtc0
[    1.085895] rtc_cmos rtc_cmos: alarms up to one day, 114 bytes nvram
[    1.087284] i2c /dev entries driver
[    1.088302] device-mapper: uevent: version 1.0.3
[    1.089506] device-mapper: ioctl: 4.34.0-ioctl (2015-10-28) initialised: dm-devel@redhat.com
[    1.091625] ledtrig-cpu: registered to indicate activity on CPUs
[    1.093296] NET: Registered protocol family 10
[    1.094636] NET: Registered protocol family 17
[    1.095798] Key type dns_resolver registered
[    1.097071] registered taskstats version 1
[    1.098106] Loading compiled-in X.509 certificates
[    1.099909] Loaded X.509 cert 'Build time autogenerated kernel key: cf00e047681d67edb2720680708b7d9498083038'
[    1.102165] zswap: loaded using pool lzo/zbud
[    1.113987] Key type trusted registered
[    1.117799] Key type encrypted registered
[    1.119142] AppArmor: AppArmor sha1 policy hashing enabled
[    1.120568] ima: No TPM chip found, activating TPM-bypass!
[    1.122042] ima: Allocated hash algorithm: sha1
[    1.123364] evm: HMAC attrs: 0x1
[    1.124718]   Magic number: 3:956:412
[    1.125926] rtc_cmos rtc_cmos: setting system clock to 2023-08-02 04:24:46 UTC (1690950286)
[    1.128196] BIOS EDD facility v0.16 2004-Jun-25, 0 devices found
[    1.129848] EDD information not available.
[    1.242748] Freeing unused kernel memory: 1492K
[    1.243927] Write protecting the kernel read-only data: 14336k
[    1.245944] Freeing unused kernel memory: 1584K
[    1.247291] Freeing unused kernel memory: 52K
Loading, please wait...
starting version 229
[    1.263099] random: systemd-udevd: uninitialized urandom read (16 bytes read, 3 bits of entropy available)
[    1.263846] random: udevadm: uninitialized urandom read (16 bytes read, 3 bits of entropy available)
[    1.263875] random: udevadm: uninitialized urandom read (16 bytes read, 3 bits of entropy available)
[    1.271772] random: systemd-udevd: uninitialized urandom read (16 bytes read, 3 bits of entropy available)
[    1.274599] random: systemd-udevd: uninitialized urandom read (16 bytes read, 3 bits of entropy available)
[    1.275170] random: udevadm: uninitialized urandom read (16 bytes read, 3 bits of entropy available)
[    1.275220] random: udevadm: uninitialized urandom read (16 bytes read, 3 bits of entropy available)
[    1.275369] random: udevadm: uninitialized urandom read (16 bytes read, 3 bits of entropy available)
[    1.275427] random: udevadm: uninitialized urandom read (16 bytes read, 3 bits of entropy available)
[    1.275486] random: udevadm: uninitialized urandom read (16 bytes read, 3 bits of entropy available)
[    1.343658] Fusion MPT base driver 3.04.20
[    1.344804] Copyright (c) 1999-2008 LSI Corporation
[    1.349114] e1000: Intel(R) PRO/1000 Network Driver - version 7.3.21-k8-NAPI
[    1.350985] e1000: Copyright (c) 1999-2006 Intel Corporation.
[    1.373178] AVX2 version of gcm_enc/dec engaged.
[    1.374303] AES CTR mode by8 optimization enabled
[    1.399680] Fusion MPT SPI Host driver 3.04.20
[    1.577908] input: ImExPS/2 Generic Explorer Mouse as /devices/platform/i8042/serio1/input/input4
[    1.748639] e1000 0000:00:03.0 eth0: (PCI:33MHz:32-bit) 02:be:82:6b:cc:1d
[    1.750273] e1000 0000:00:03.0 eth0: Intel(R) PRO/1000 Network Connection
[    1.752980] mptbase: ioc0: Initiating bringup
[    2.922583] ioc0: LSI53C1030 A0: Capabilities={Initiator}
[    5.418612] scsi host2: ioc0: LSI53C1030 A0, FwRev=00000000h, Ports=1, MaxQ=256, IRQ=20
[    7.023636] scsi 2:0:0:0: Direct-Access     VBOX     HARDDISK         1.0  PQ: 0 ANSI: 5
[    7.026334] scsi target2:0:0: Beginning Domain Validation
[    7.030942] scsi target2:0:0: Domain Validation skipping write tests
[    7.032500] scsi target2:0:0: Ending Domain Validation
[    7.034155] scsi target2:0:0: asynchronous
[    7.036390] scsi 2:0:1:0: Direct-Access     VBOX     HARDDISK         1.0  PQ: 0 ANSI: 5
[    7.038650] scsi target2:0:1: Beginning Domain Validation
[    7.042073] scsi target2:0:1: Domain Validation skipping write tests
[    7.043847] scsi target2:0:1: Ending Domain Validation
[    7.045491] scsi target2:0:1: asynchronous
[    7.075810] sd 2:0:0:0: Attached scsi generic sg0 type 0
[    7.077739] sd 2:0:0:0: [sda] 83886080 512-byte logical blocks: (42.9 GB/40.0 GiB)
[    7.080755] sd 2:0:1:0: [sdb] 20480 512-byte logical blocks: (10.5 MB/10.0 MiB)
[    7.083035] sd 2:0:1:0: Attached scsi generic sg1 type 0
[    7.085126] sd 2:0:1:0: [sdb] Write Protect is off
[    7.086518] sd 2:0:0:0: [sda] Write Protect is off
[    7.088172] sd 2:0:1:0: [sdb] Incomplete mode parameter data
[    7.089649] sd 2:0:1:0: [sdb] Assuming drive cache: write through
[    7.091500] sd 2:0:0:0: [sda] Incomplete mode parameter data
[    7.092995] sd 2:0:0:0: [sda] Assuming drive cache: write through
[    7.097108]  sda: sda1
[    7.099824] sd 2:0:1:0: [sdb] Attached SCSI disk
[    7.101177] sd 2:0:0:0: [sda] Attached SCSI disk
[    7.790830] e1000 0000:00:08.0 eth1: (PCI:33MHz:32-bit) 08:00:27:fe:9c:c4
[    7.805989] e1000 0000:00:08.0 eth1: Intel(R) PRO/1000 Network Connection
[    7.809452] e1000 0000:00:03.0 enp0s3: renamed from eth0
[    7.823419] e1000 0000:00:08.0 enp0s8: renamed from eth1
Begin: Loading essential drivers ... [    9.381858] md: linear personality registered for level -1
[    9.385942] md: multipath personality registered for level -4
[    9.391260] md: raid0 personality registered for level 0
[    9.395619] md: raid1 personality registered for level 1
[    9.466699] raid6: sse2x1   gen()  9697 MB/s
[    9.534705] raid6: sse2x1   xor()  8428 MB/s
[    9.602742] raid6: sse2x2   gen() 14129 MB/s
[    9.670697] raid6: sse2x2   xor()  9623 MB/s
[    9.738692] raid6: sse2x4   gen() 16152 MB/s
[    9.806696] raid6: sse2x4   xor() 10432 MB/s
[    9.874693] raid6: avx2x1   gen() 20789 MB/s
[    9.942701] raid6: avx2x2   gen() 26024 MB/s
[   10.010687] raid6: avx2x4   gen() 25614 MB/s
[   10.011749] raid6: using algorithm avx2x2 gen() 26024 MB/s
[   10.013506] raid6: using avx2x2 recovery algorithm
[   10.016767] xor: automatically using best checksumming function:
[   10.054856]    avx       : 21242.000 MB/sec
[   10.057331] async_tx: api initialized (async)
[   10.067024] md: raid6 personality registered for level 6
[   10.068413] md: raid5 personality registered for level 5
[   10.069807] md: raid4 personality registered for level 4
[   10.078126] md: raid10 personality registered for level 10
done.
Begin: Running /scripts/init-premount ... done.
Begin: Mounting root file system ... Begin: Running /scripts/local-top ... done.
Begin: Running /scripts/local-premount ... [   10.111568] Btrfs loaded
Scanning for Btrfs filesystems
done.
Warning: fsck not present, so skipping root file system
[   10.145052] EXT4-fs (sda1): mounted filesystem with ordered data mode. Opts: (null)
done.
Begin: Running /scripts/local-bottom ... done.
Begin: Running /scripts/init-bottom ... done.
[   10.250380] systemd[1]: systemd 229 running in system mode. (+PAM +AUDIT +SELINUX +IMA +APPARMOR +SMACK +SYSVINIT +UTMP +LIBCRYPTSETUP +GCRYPT +GNUTLS +ACL +XZ -LZ4 +SECCOMP +BLKID +ELFUTILS +KMOD -IDN)
[   10.255060] systemd[1]: Detected virtualization oracle.
[   10.256401] systemd[1]: Detected architecture x86-64.

Welcome to [1mUbuntu 16.04.7 LTS[0m!

[   10.261489] systemd[1]: Set hostname to <ubuntu>.
[   10.265957] systemd[1]: Initializing machine ID from random generator.
[   10.267830] systemd[1]: Installed transient /etc/machine-id file.
[   10.421076] systemd[1]: Created slice User and Session Slice.
[[0;32m  OK  [0m] Created slice User and Session Slice.
[   10.423429] systemd[1]: Listening on LVM2 metadata daemon socket.
[[0;32m  OK  [0m] Listening on LVM2 metadata daemon socket.
[   10.431096] systemd[1]: Reached target User and Group Name Lookups.
[[0;32m  OK  [0m] Reached target User and Group Name Lookups.
[   10.433896] systemd[1]: Created slice System Slice.
[[0;32m  OK  [0m] Created slice System Slice.
[   10.443785] systemd[1]: Reached target Slices.
[[0;32m  OK  [0m] Reached target Slices.
[   10.445882] systemd[1]: Listening on udev Kernel Socket.
[[0;32m  OK  [0m] Listening on udev Kernel Socket.
[   10.455474] systemd[1]: Reached target Swap.
[[0;32m  OK  [0m] Reached target Swap.
[   10.457555] systemd[1]: Started Trigger resolvconf update for networkd DNS.
[[0;32m  OK  [0m] Started Trigger resolvconf update for networkd DNS.
[   10.460343] systemd[1]: Created slice system-serial\x2dgetty.slice.
[[0;32m  OK  [0m] Created slice system-serial\x2dgetty.slice.
[   10.462619] systemd[1]: Listening on Journal Socket.
[[0;32m  OK  [0m] Listening on Journal Socket.
[   10.487604] systemd[1]: Starting Nameserver information manager...
         Starting Nameserver information manager...
[   10.491031] systemd[1]: Mounting Huge Pages File System...
         Mounting Huge Pages File System...
[   10.493722] systemd[1]: Starting Create list of required static device nodes for the current kernel...
         Starting Create list of required st... nodes for the current kernel...
[   10.499770] systemd[1]: Starting Load Kernel Modules...
         Starting Load Kernel Modules...
[   10.503397] systemd[1]: Starting Uncomplicated firewall...
         Starting Uncomplicated firewall...
[   10.511449] systemd[1]: Mounting POSIX Message Queue File System...
[   10.513224] Loading iSCSI transport class v2.0-870.
         Mounting POSIX Message Queue File System...
[   10.518218] systemd[1]: Starting Set console keymap...
         Starting Set console keymap...
[   10.521813] systemd[1]: Started Forward Password Requests to Wall Directory Watch.
[[0;32m  OK  [0m] Started Forward Password Requests to Wall Directory Watch.
[   10.525646] systemd[1]: Listening on udev Control Socket.
[[0;32m  OK  [0m] Listening on udev Control Socket.
[   10.529795] iscsi: registered transport (tcp)
[   10.535059] systemd[1]: Listening on Journal Audit Socket.
[[0;32m  OK  [0m] Listening on Journal Audit Socket.
[   10.542959] systemd[1]: Listening on Syslog Socket.
[[0;32m  OK  [0m] Listening on Syslog Socket.
[   10.550924] systemd[1]: Listening on fsck to fsckd communication Socket.
[[0;32m  OK  [0m] Listening on fsck to fsckd communication Socket.
[   10.561738] iscsi: registered transport (iser)
[   10.567484] systemd[1]: Starting File System Check on Root Device...
         Starting File System Check on Root Device...
[   10.570420] systemd[1]: Listening on /dev/initctl Compatibility Named Pipe.
[[0;32m  OK  [0m] Listening on /dev/initctl Compatibility Named Pipe.
[   10.573515] systemd[1]: Reached target System Time Synchronized.
[[0;32m  OK  [0m] Reached target System Time Synchronized.
[   10.577193] systemd[1]: Reached target Encrypted Volumes.
[[0;32m  OK  [0m] Reached target Encrypted Volumes.
[   10.587062] systemd[1]: Set up automount Arbitrary Executable File Formats File System Automount Point.
[[0;32m  OK  [0m] Set up automount Arbitrary Executab...ats File System Automount Point.
[   10.607466] systemd[1]: Mounting Debug File System...
         Mounting Debug File System...
[   10.610937] systemd[1]: Listening on Device-mapper event daemon FIFOs.
[[0;32m  OK  [0m] Listening on Device-mapper event daemon FIFOs.
[   10.615005] systemd[1]: Starting Monitoring of LVM2 mirrors, snapshots etc. using dmeventd or progress polling...
         Starting Monitoring of LVM2 mirrors... dmeventd or progress polling...
[   10.631766] systemd[1]: Listening on LVM2 poll daemon socket.
[[0;32m  OK  [0m] Listening on LVM2 poll daemon socket.
[   10.635163] systemd[1]: Listening on Journal Socket (/dev/log).
[[0;32m  OK  [0m] Listening on Journal Socket (/dev/log).
[   10.639327] systemd[1]: Starting Journal Service...
         Starting Journal Service...
[   10.643865] systemd[1]: Mounted Huge Pages File System.
[[0;32m  OK  [0m] Mounted Huge Pages File System.
[   10.651439] systemd[1]: Mounted POSIX Message Queue File System.
[[0;32m  OK  [0m] Mounted POSIX Message Queue File System.
[   10.656342] systemd[1]: Mounted Debug File System.
[[0;32m  OK  [0m] Mounted Debug File System.
[   10.659454] systemd[1]: Started Create list of required static device nodes for the current kernel.
[[0;32m  OK  [0m] Started Create list of required sta...ce nodes for the current kernel.
[   10.667441] systemd[1]: Started Load Kernel Modules.
[[0;32m  OK  [0m] Started Load Kernel Modules.
[   10.675334] systemd[1]: Started Uncomplicated firewall.
[[0;32m  OK  [0m] Started Uncomplicated firewall.
[   10.684204] systemd[1]: Started Set console keymap.
[[0;32m  OK  [0m] Started Set console keymap.
[   10.687048] systemd[1]: Started File System Check on Root Device.
[[0;32m  OK  [0m] Started File System Check on Root Device.
[   10.707367] systemd[1]: Started Nameserver information manager.
[[0;32m  OK  [0m] Started Nameserver information manager.
[   10.711905] systemd[1]: Started Journal Service.
[[0;32m  OK  [0m] Started Journal Service.
[[0;32m  OK  [0m] Started LVM2 metadata daemon.
[[0;32m  OK  [0m] Started File System Check Daemon to report status.
         Starting Remount Root and Kernel File Systems...
         Starting Apply Kernel Variables...[   10.731208] EXT4-fs (sda1): re-mounted. Opts: (null)

         Mounting FUSE Control File System...
         Starting Create Static Device Nodes in /dev...
[[0;32m  OK  [0m] Mounted FUSE Control File System.
[[0;32m  OK  [0m] Started Remount Root and Kernel File Systems.
[[0;32m  OK  [0m] Started Apply Kernel Variables.
         Starting udev Coldplug all Devices...
         Starting Flush Journal to Persistent Storage...
         Starting Load/Save Random Seed...
[[0;32m  OK  [0m] Started Create Static Device Nodes in /dev.
[[0;32m  OK  [0m] Started Load/Save Random Seed.
         Starting udev Kernel Device Manager...
[[0;32m  OK  [0m] Started Flush Journal to Persistent Storage.
[[0;32m  OK  [0m] Started udev Kernel Device Manager.
[[0;32m  OK  [0m] Started udev Coldplug all Devices.
[[0;32m  OK  [0m] Started Dispatch Password Requests to Console Directory Watch.
[[0;32m  OK  [0m] Started Monitoring of LVM2 mirrors,...ng dmeventd or progress polling.
[[0;32m  OK  [0m] Reached target Local File Systems (Pre).
[[0;32m  OK  [0m] Reached target Local File Systems.
         Starting LSB: AppArmor initialization...
         Starting Set console font and keymap...
         Starting Commit a transient machine-id on disk...
         Starting Tell Plymouth To Write Out Runtime Data...
         Starting Initial cloud-init job (pre-networking)...
         Starting Create Volatile Files and Directories...
[[0;32m  OK  [0m] Started Tell Plymouth To Write Out Runtime Data.
[[0;32m  OK  [0m] Started Create Volatile Files and Directories.
[[0;32m  OK  [0m] Started Commit a transient machine-id on disk.
         Starting Update UTMP about System Boot/Shutdown...
[[0;32m  OK  [0m] Started Update UTMP about System Boot/Shutdown.
[[0;32m  OK  [0m] Found device /dev/ttyS0.
[[0;32m  OK  [0m] Listening on Load/Save RF Kill Switch Status /dev/rfkill Watch.
[   12.231224] cloud-init[508]: Cloud-init v. 21.1-19-gbad84ad4-0ubuntu1~16.04.2 running 'init-local' at Wed, 02 Aug 2023 04:24:57 +0000. Up 11.70 seconds.
[[0;32m  OK  [0m] Started Initial cloud-init job (pre-networking).
[[0;32m  OK  [0m] Reached target Network (Pre).
[[0;32m  OK  [0m] Started Set console font and keymap.
[[0;32m  OK  [0m] Created slice system-getty.slice.
[[0;32m  OK  [0m] Started LSB: AppArmor initialization.
         Starting Raise network interfaces...
         Starting Load AppArmor profiles managed internally by snapd...
[[0;32m  OK  [0m] Started Load AppArmor profiles managed internally by snapd.
[[0;32m  OK  [0m] Started Raise network interfaces.
         Starting Initial cloud-init job (metadata service crawler)...
[[0;32m  OK  [0m] Reached target Network.
[   14.434537] cloud-init[958]: Cloud-init v. 21.1-19-gbad84ad4-0ubuntu1~16.04.2 running 'init' at Wed, 02 Aug 2023 04:24:59 +0000. Up 13.77 seconds.
[   14.444578] cloud-init[958]: ci-info: ++++++++++++++++++++++++++++++++++++++Net device info+++++++++++++++++++++++++++++++++++++++
[   14.446064] cloud-init[958]: ci-info: +--------+-------+----------------------------+---------------+--------+-------------------+
[   14.447624] cloud-init[958]: ci-info: | Device |   Up  |          Address           |      Mask     | Scope  |     Hw-Address    |
[   14.449332] cloud-init[958]: ci-info: +--------+-------+----------------------------+---------------+--------+-------------------+
[   14.456387] cloud-init[958]: ci-info: | enp0s3 |  True |         10.0.2.15          | 255.255.255.0 | global | 02:be:82:6b:cc:1d |
[   14.464396] cloud-init[958]: ci-info: | enp0s3 |  True | fe80::be:82ff:fe6b:cc1d/64 |       .       |  link  | 02:be:82:6b:cc:1d |
[   14.465981] cloud-init[958]: ci-info: | enp0s8 | False |             .              |       .       |   .    | 08:00:27:fe:9c:c4 |
[   14.467340] cloud-init[958]: ci-info: |   lo   |  True |         127.0.0.1          |   255.0.0.0   |  host  |         .         |
[   14.468897] cloud-init[958]: ci-info: |   lo   |  True |          ::1/128           |       .       |  host  |         .         |
[   14.470289] cloud-init[958]: ci-info: +--------+-------+----------------------------+---------------+--------+-------------------+
[   14.471791] cloud-init[958]: ci-info: +++++++++++++++++++++++++++Route IPv4 info++++++++++++++++++++++++++++
[   14.480430] cloud-init[958]: ci-info: +-------+-------------+----------+---------------+-----------+-------+
[   14.488386] cloud-init[958]: ci-info: | Route | Destination | Gateway  |    Genmask    | Interface | Flags |
[   14.496373] cloud-init[958]: ci-info: +-------+-------------+----------+---------------+-----------+-------+
[   14.496610] cloud-init[958]: ci-info: |   0   |   0.0.0.0   | 10.0.2.2 |    0.0.0.0    |   enp0s3  |   UG  |
[   14.497039] cloud-init[958]: ci-info: |   1   |   10.0.2.0  | 0.0.0.0  | 255.255.255.0 |   enp0s3  |   U   |
[   14.497480] cloud-init[958]: ci-info: +-------+-------------+----------+---------------+-----------+-------+
[   14.497572] cloud-init[958]: ci-info: +++++++++++++++++++Route IPv6 info+++++++++++++++++++
[[0;32m  OK  [0m] Started Initial cloud-init job (metadata service crawler).
[   14.497831] cloud-init[958]: ci-info: +-------+-------------+---------+-----------+-------+
[   14.502512] cloud-init[958]: ci-info: | Route | Destination | Gateway | Interface | Flags |
[   14.502709] cloud-init[958]: ci-info: +-------+-------------+---------+-----------+-------+
[[0;32m  OK  [0m] Reached target Network is Online.
[   14.502970] cloud-init[958]: ci-info: |   0   |  fe80::/64  |    ::   |   enp0s3  |   U   |
[   14.503304] cloud-init[958]: ci-info: |   3   |   ff00::/8  |    ::   |   enp0s3  |   U   |
[   14.503786] cloud-init[958]: ci-info: +-------+-------------+---------+-----------+-------+
[   14.504475] cloud-init[958]: Generating public/private rsa key pair.
[   14.505147] cloud-init[958]: Your identification has been saved in /etc/ssh/ssh_host_rsa_key.
[   14.505459] cloud-init[958]: Your public key has been saved in /etc/ssh/ssh_host_rsa_key.pub.
[   14.506010] cloud-init[958]: The key fingerprint is:
[   14.506314] cloud-init[958]: SHA256:2MXU2HEjiLOXuGzvxuEgfWyWxTNZK+cu/oQ+trQIji4 root@ubuntu-xenial
[   14.506627] cloud-init[958]: The key's randomart image is:
[   14.507144] cloud-init[958]: +---[RSA 2048]----+
[   14.507452] cloud-init[958]: |         ..=o.o  |
[   14.508053] cloud-init[958]: |        ooo oo.. |
[   14.508316] cloud-init[958]: |         +oo o . |
[   14.508629] cloud-init[958]: |       oo.o B o  |
[   14.509194] cloud-init[958]: |      .oS+ o *   |
[   14.509534] cloud-init[958]: |      . * B  ..  |
[   14.509907] cloud-init[958]: |       o.O .o..  |
[   14.510215] cloud-init[958]: |    E  o .=++o.  |
[   14.510534] cloud-init[958]: |     oo .ooo==.  |
[   14.510922] cloud-init[958]: +----[SHA256]-----+
[   14.511237] cloud-init[958]: Generating public/private dsa key pair.
[   14.511557] cloud-init[958]: Your identification has been saved in /etc/ssh/ssh_host_dsa_key.
[   14.512110] cloud-init[958]: Your public key has been saved in /etc/ssh/ssh_host_dsa_key.pub.
[   14.512408] cloud-init[958]: The key fingerprint is:
[   14.512926] cloud-init[958]: SHA256:hEo4uPx78XUOGPMIHjMXdMjL9SGOgq/+pfBg/mZKRsk root@ubuntu-xenial
[   14.513319] cloud-init[958]: The key's randomart image is:
[   14.513938] cloud-init[958]: +---[DSA 1024]----+
[   14.514097] cloud-init[958]: |      o...       |
[   14.514486] cloud-init[958]: | . .   =.o .     |
[   14.514901] cloud-init[958]: |. o o o B o .    |
[   14.515211] cloud-init[958]: |...+.B O . .     |
[   14.515601] cloud-init[958]: |.. E+ B S        |
[   14.515710] cloud-init[958]: |  o  + o + .     |
[   14.515960] cloud-init[958]: |   B. o.. +      |
[   14.516180] cloud-init[958]: |  =.=+o.   .     |
[   14.516273] cloud-init[958]: |  .=B=           |
[   14.516661] cloud-init[958]: +----[SHA256]-----+
[   14.516842] cloud-init[958]: Generating public/private ecdsa key pair.
[   14.517027] cloud-init[958]: Your identification has been saved in /etc/ssh/ssh_host_ecdsa_key.
[   14.517120] cloud-init[958]: Your public key has been saved in /etc/ssh/ssh_host_ecdsa_key.pub.
[   14.517212] cloud-init[958]: The key fingerprint is:
[   14.517304] cloud-init[958]: SHA256:Vu8E72Z3hmEsKjT8A/5SxVolakvqvVpZye+EVImbqCs root@ubuntu-xenial
[   14.517639] cloud-init[958]: The key's randomart image is:
[   14.517882] cloud-init[958]: +---[ECDSA 256]---+
[   14.518203] cloud-init[958]: |                 |
[   14.518260] cloud-init[958]: |            .... |
[   14.518772] cloud-init[958]: |          oo.oo  |
[   14.518976] cloud-init[958]: |       . .+*+*   |
[   14.519272] cloud-init[958]: |        S+.=% +  |
[   14.519633] cloud-init[958]: |       +.=+O = o |
[   14.519938] cloud-init[958]: |       .+o* * = o|
[   14.520116] cloud-init[958]: |      E o=.+ + o |
[   14.540598] cloud-init[958]: |       .ooo.  .  |
[   14.551385]          cloud-initStarting iSCSI initiator daemon (iscsid)...[958]: 
+----[SHA256]-----+
[   14.552983] [cloud-init[0;32m  OK  [0m[958]: ] Generating public/private ed25519 key pair.Reached target Cloud-config availability.

[   14.554120] [cloud-init[0;32m  OK  [0m[958]: ] Your identification has been saved in /etc/ssh/ssh_host_ed25519_key.Reached target System Initialization.

[   14.555558] cloud-init[958]: Your public key has been saved in /etc/ssh/ssh_host_ed25519_key.pub.
[[0;32m  OK  [0m] Started ACPI Events Check.
[   14.557061] [cloud-init[0;32m  OK  [0m[958]: ] The key fingerprint is:Reached target Paths.

[   14.564599] [cloud-init[0;32m  OK  [0m[958]: ] SHA256:OO67gLZbieNjIa/2kRucrgbR8i6DsKI3KbhR7P/rKKc root@ubuntu-xenialStarted Message of the Day.

[   14.572390] [cloud-init[0;32m  OK  [0m[958]: ] The key's randomart image is:Listening on UUID daemon activation socket.

[   14.580365]          cloud-initStarting LXD - unix socket.[958]: 
+--[ED25519 256]--+
[   14.588310] [[0;32m  OK  [0m] Listening on D-Bus System Message Bus Socket.
cloud-init[958]: |                 |
[   14.597100] [cloud-init[0;32m  OK  [0m[958]: ] |                 |Started Ubuntu Advantage update messaging.

[[0;32m  OK  [0m] Started Daily apt download activities.
[[0;32m  OK  [0m] Started Daily apt upgrade and clean activities.
[   14.605626] [cloud-init[0;32m  OK  [0m[958]: ] | .               |Started Daily Cleanup of Temporary Directories.

[   14.621160] [cloud-init[0;32m  OK  [0m[958]: ] |o..    .         |Reached target Timers.

[   14.622197]          cloud-initStarting Socket activation for snappy daemon.[958]: 
| +o   o S        |
[   14.623177] [cloud-init[0;32m  OK  [0m[958]: ] |+o+ooo .         |Listening on ACPID Listen Socket.

[   14.624355] cloud-init[958]: |*=*O+ .          |
[   14.633177] cloud-init[958]: |O*@==+           |
[   14.633995] cloud-init[958]: |OXE@ooB+         |
[   14.640337] [cloud-init[0;32m  OK  [0m[958]: ] +----[SHA256]-----+Listening on LXD - unix socket.

[[0;32m  OK  [0m] Listening on Socket activation for snappy daemon.
[[0;32m  OK  [0m] Reached target Sockets.
[[0;32m  OK  [0m] Reached target Basic System.
         Starting Accounts Service...
         Starting /etc/rc.local Compatibility...
[[0;32m  OK  [0m] Started ACPI event daemon.
[[0;32m  OK  [0m] Started FUSE filesystem for LXC.
[[0;32m  OK  [0m] Started Deferred execution scheduler.
         Starting Login Service...
         Starting LSB: MD monitoring daemon...
         Starting LSB: Record successful boot for GRUB...
         Starting System Logging Service...
         Starting Virtualbox guest utils...
[[0;32m  OK  [0m] Started D-Bus System Message Bus.
         Starting Snap Daemon...
         Starting Pollinate to seed the pseudo random number generator...
[[0;32m  OK  [0m] Started Regular background program processing daemon.
         Starting LXD - container startup/shutdown...
[[0;32m  OK  [0m] Started System Logging Service.
[[0;32m  OK  [0m] Started iSCSI initiator daemon (iscsid).
[[0;32m  OK  [0m] Started /etc/rc.local Compatibility.
[[0;32m  OK  [0m] Started Login Service.
[[0;32m  OK  [0m] Started Unattended Upgrades Shutdown.
         Starting Authenticate and Authorize Users to Run Privileged Tasks...
         Starting Login to default iSCSI targets...
[[0;32m  OK  [0m] Started LSB: Record successful boot for GRUB.
[[0;32m  OK  [0m] Started Login to default iSCSI targets.
[[0;32m  OK  [0m] Reached target Remote File Systems (Pre).
[[0;32m  OK  [0m] Reached target Remote File Systems.
         Starting LSB: daemon to balance interrupts for SMP systems...
         Starting LSB: automatic crash report generation...
         Starting LSB: Set the CPU Frequency Scaling governor to "ondemand"...
         Starting Permit User Sessions...
[[0;32m  OK  [0m] Started Permit User Sessions.
         Starting Terminate Plymouth Boot Screen...
         Starting Hold until boot process finishes up...
[[0;32m  OK  [0m] Started Hold until boot process finishes up.
         Starting Set console scheme...
[[0;32m  OK  [0m] Started Serial Getty on ttyS0.
[[0;32m  OK  [0m] Started Getty on tty1.
[[0;32m  OK  [0m] Reached target Login Prompts.
[[0;32m  OK  [0m] Started LSB: MD monitoring daemon.
[[0;32m  OK  [0m] Started Terminate Plymouth Boot Screen.
[[0;32m  OK  [0m] Started Set console scheme.
[[0;32m  OK  [0m] Started Authenticate and Authorize Users to Run Privileged Tasks.
[[0;32m  OK  [0m] Started Accounts Service.
[[0;32m  OK  [0m] Started LXD - container startup/shutdown.
[[0;32m  OK  [0m] Started LSB: Set the CPU Frequency Scaling governor to "ondemand".
[[0;32m  OK  [0m] Started LSB: automatic crash report generation.
[[0;32m  OK  [0m] Started LSB: daemon to balance interrupts for SMP systems.
[[0;32m  OK  [0m] Started Virtualbox guest utils.
[[0;32m  OK  [0m] Started Snap Daemon.
         Starting Wait until snapd is fully seeded...
[[0;32m  OK  [0m] Started Pollinate to seed the pseudo random number generator.
         Starting OpenBSD Secure Shell server...
[[0;32m  OK  [0m] Started OpenBSD Secure Shell server.
[[0;32m  OK  [0m] Started Wait until snapd is fully seeded.
         Starting Apply the settings specified in cloud-config...
[[0;32m  OK  [0m] Reached target Multi-User System.
[[0;32m  OK  [0m] Reached target Graphical Interface.
         Starting Update UTMP about System Runlevel Changes...
[[0;32m  OK  [0m] Started Update UTMP about System Runlevel Changes.
[   18.284136] cloud-init[1298]: Generating locales (this might take a while)...
[   19.375962] cloud-init[1298]:   en_US.UTF-8... done
[   19.384675] cloud-init[1298]: Generation complete.
[[0;32m  OK  [0m] Created slice User Slice of vagrant.
[   19.776984] cloud-init[1298]: Cloud-init v. 21.1-19-gbad84ad4-0ubuntu1~16.04.2 running 'modules:config' at Wed, 02 Aug 2023 04:25:03 +0000. Up 18.13 seconds.
         Starting User Manager for UID 1000...
[[0;32m  OK  [0m] Started Session 1 of user vagrant.
[[0;32m  OK  [0m] Started User Manager for UID 1000.
[[0;32m  OK  [0m] Started Apply the settings specified in cloud-config.
         Starting Execute cloud user/final scripts...
ci-info: no authorized SSH keys fingerprints found for user ubuntu.
<14>Aug  2 04:25:06 ec2: 
<14>Aug  2 04:25:06 ec2: #############################################################
<14>Aug  2 04:25:06 ec2: -----BEGIN SSH HOST KEY FINGERPRINTS-----
<14>Aug  2 04:25:06 ec2: 1024 SHA256:hEo4uPx78XUOGPMIHjMXdMjL9SGOgq/+pfBg/mZKRsk root@ubuntu-xenial (DSA)
<14>Aug  2 04:25:06 ec2: 256 SHA256:Vu8E72Z3hmEsKjT8A/5SxVolakvqvVpZye+EVImbqCs root@ubuntu-xenial (ECDSA)
<14>Aug  2 04:25:06 ec2: 256 SHA256:OO67gLZbieNjIa/2kRucrgbR8i6DsKI3KbhR7P/rKKc root@ubuntu-xenial (ED25519)
<14>Aug  2 04:25:06 ec2: 2048 SHA256:2MXU2HEjiLOXuGzvxuEgfWyWxTNZK+cu/oQ+trQIji4 root@ubuntu-xenial (RSA)
<14>Aug  2 04:25:06 ec2: -----END SSH HOST KEY FINGERPRINTS-----
<14>Aug  2 04:25:06 ec2: #############################################################
-----BEGIN SSH HOST KEY KEYS-----
ecdsa-sha2-nistp256 AAAAE2VjZHNhLXNoYTItbmlzdHAyNTYAAAAIbmlzdHAyNTYAAABBBNakAZ7koEMKVARe5BMjvPhBaFW+AMWQOLuraMjTDh7MSi3vDuH1g037/80VOQKs5CWWazGd/GUYXwNh1LqIU7U= root@ubuntu-xenial
ssh-ed25519 AAAAC3NzaC1lZDI1NTE5AAAAIOHOYKSPecTxWdTNth4IQiEG6MA5i9yter3E25k3O/kN root@ubuntu-xenial
ssh-rsa AAAAB3NzaC1yc2EAAAADAQABAAABAQC8/F8aet+xmQEhukiXS46rTGRJvTmnY8iAqdhVotqfWc6P6aBPhjhYZmZHT505LpvMu33n2wIZYE1g9L6gymDdph1tXymFiptoI3k4H9H/jaZgW/8/SyOXcAEwA0KYu7Hb1AvE0wlxyLJVCa0g13aITcMV1A7Fqnu4tIHqzKeNehj7WKwKw2uZ4hTRHmonOENuI9f7EUDUDLWVPsWtviTV85koMW3T+IyAZ0ak7m4zskAJzpZgSxVpkM3u91RJKZbWb30W1qh3yDg2NiSQyor/21zM69MmS0uxo6+hVO14QYbrkEYO9/kvddbOV1vkKfcVYgyDoqj1YPj2bjN11lAH root@ubuntu-xenial
-----END SSH HOST KEY KEYS-----
[   20.602471] cloud-init[1365]: Cloud-init v. 21.1-19-gbad84ad4-0ubuntu1~16.04.2 running 'modules:final' at Wed, 02 Aug 2023 04:25:05 +0000. Up 20.35 seconds.
[   20.603050] cloud-init[1365]: ci-info: no authorized SSH keys fingerprints found for user ubuntu.
[   20.603591] cloud-init[1365]: Cloud-init v. 21.1-19-gbad84ad4-0ubuntu1~16.04.2 finished at Wed, 02 Aug 2023 04:25:06 +0000. Datasource DataSourceNoCloud [seed=/dev/sdb][dsmode=net].  Up 20.59 seconds

Ubuntu 16.04.7 LTS ubuntu-xenial ttyS0

ubuntu-xenial login: 